{"C:\\Users\\woosh\\OneDrive\\바탕 화면\\수업자료\\3-1\\소공\\project\\backend\\src\\server.ts": {"path":"C:\\Users\\woosh\\OneDrive\\바탕 화면\\수업자료\\3-1\\소공\\project\\backend\\src\\server.ts","statementMap":{"0":{"start":{"line":1,"column":0},"end":{"line":1,"column":53}},"1":{"start":{"line":2,"column":0},"end":{"line":2,"column":24}},"2":{"start":{"line":3,"column":0},"end":{"line":3,"column":39}},"3":{"start":{"line":4,"column":0},"end":{"line":4,"column":75}},"4":{"start":{"line":6,"column":12},"end":{"line":6,"column":21}},"5":{"start":{"line":7,"column":13},"end":{"line":7,"column":17}},"6":{"start":{"line":10,"column":0},"end":{"line":10,"column":16}},"7":{"start":{"line":11,"column":0},"end":{"line":11,"column":24}},"8":{"start":{"line":14,"column":0},"end":{"line":16,"column":3}},"9":{"start":{"line":15,"column":2},"end":{"line":15,"column":41}},"10":{"start":{"line":19,"column":0},"end":{"line":19,"column":33}},"11":{"start":{"line":22,"column":0},"end":{"line":22,"column":25}},"12":{"start":{"line":23,"column":0},"end":{"line":23,"column":22}},"13":{"start":{"line":34,"column":0},"end":{"line":34,"column":19}}},"fnMap":{"0":{"name":"(anonymous_1)","decl":{"start":{"line":14,"column":19},"end":{"line":14,"column":20}},"loc":{"start":{"line":14,"column":51},"end":{"line":16,"column":1}}}},"branchMap":{},"s":{"0":1,"1":1,"2":1,"3":1,"4":1,"5":1,"6":1,"7":1,"8":1,"9":1,"10":1,"11":1,"12":1,"13":1},"f":{"0":1},"b":{}}
,"C:\\Users\\woosh\\OneDrive\\바탕 화면\\수업자료\\3-1\\소공\\project\\backend\\src\\controllers\\gameController.ts": {"path":"C:\\Users\\woosh\\OneDrive\\바탕 화면\\수업자료\\3-1\\소공\\project\\backend\\src\\controllers\\gameController.ts","statementMap":{"0":{"start":{"line":2,"column":0},"end":{"line":2,"column":36}},"1":{"start":{"line":3,"column":0},"end":{"line":3,"column":55}},"2":{"start":{"line":4,"column":0},"end":{"line":4,"column":62}},"3":{"start":{"line":12,"column":25},"end":{"line":49,"column":1}},"4":{"start":{"line":13,"column":20},"end":{"line":13,"column":30}},"5":{"start":{"line":15,"column":2},"end":{"line":48,"column":3}},"6":{"start":{"line":17,"column":26},"end":{"line":17,"column":68}},"7":{"start":{"line":19,"column":6},"end":{"line":21,"column":18}},"8":{"start":{"line":23,"column":25},"end":{"line":23,"column":54}},"9":{"start":{"line":26,"column":19},"end":{"line":26,"column":31}},"10":{"start":{"line":29,"column":18},"end":{"line":29,"column":43}},"11":{"start":{"line":32,"column":25},"end":{"line":32,"column":47}},"12":{"start":{"line":33,"column":4},"end":{"line":33,"column":134}},"13":{"start":{"line":35,"column":4},"end":{"line":37,"column":5}},"14":{"start":{"line":36,"column":6},"end":{"line":36,"column":74}},"15":{"start":{"line":39,"column":4},"end":{"line":44,"column":7}},"16":{"start":{"line":46,"column":4},"end":{"line":46,"column":47}},"17":{"start":{"line":47,"column":4},"end":{"line":47,"column":60}},"18":{"start":{"line":12,"column":13},"end":{"line":12,"column":25}}},"fnMap":{"0":{"name":"(anonymous_0)","decl":{"start":{"line":12,"column":25},"end":{"line":12,"column":26}},"loc":{"start":{"line":12,"column":63},"end":{"line":49,"column":1}}}},"branchMap":{"0":{"loc":{"start":{"line":19,"column":6},"end":{"line":21,"column":18}},"type":"cond-expr","locations":[{"start":{"line":20,"column":10},"end":{"line":20,"column":23}},{"start":{"line":21,"column":10},"end":{"line":21,"column":18}}]},"1":{"loc":{"start":{"line":19,"column":6},"end":{"line":19,"column":58}},"type":"binary-expr","locations":[{"start":{"line":19,"column":6},"end":{"line":19,"column":30}},{"start":{"line":19,"column":34},"end":{"line":19,"column":58}}]},"2":{"loc":{"start":{"line":35,"column":4},"end":{"line":37,"column":5}},"type":"if","locations":[{"start":{"line":35,"column":4},"end":{"line":37,"column":5}},{"start":{},"end":{}}]}},"s":{"0":2,"1":2,"2":2,"3":2,"4":19,"5":19,"6":19,"7":19,"8":19,"9":19,"10":19,"11":17,"12":17,"13":17,"14":1,"15":17,"16":2,"17":2,"18":2},"f":{"0":19},"b":{"0":[0,19],"1":[19,19],"2":[1,16]}}
,"C:\\Users\\woosh\\OneDrive\\바탕 화면\\수업자료\\3-1\\소공\\project\\backend\\src\\middlewares\\errorHandler.ts": {"path":"C:\\Users\\woosh\\OneDrive\\바탕 화면\\수업자료\\3-1\\소공\\project\\backend\\src\\middlewares\\errorHandler.ts","statementMap":{"0":{"start":{"line":7,"column":31},"end":{"line":11,"column":1}},"1":{"start":{"line":8,"column":16},"end":{"line":8,"column":59}},"2":{"start":{"line":9,"column":2},"end":{"line":9,"column":18}},"3":{"start":{"line":10,"column":2},"end":{"line":10,"column":14}},"4":{"start":{"line":7,"column":13},"end":{"line":7,"column":31}},"5":{"start":{"line":22,"column":28},"end":{"line":47,"column":1}},"6":{"start":{"line":29,"column":21},"end":{"line":29,"column":66}},"7":{"start":{"line":32,"column":2},"end":{"line":32,"column":60}},"8":{"start":{"line":33,"column":2},"end":{"line":33,"column":55}},"9":{"start":{"line":34,"column":2},"end":{"line":34,"column":42}},"10":{"start":{"line":35,"column":2},"end":{"line":35,"column":59}},"11":{"start":{"line":36,"column":2},"end":{"line":36,"column":44}},"12":{"start":{"line":37,"column":2},"end":{"line":37,"column":33}},"13":{"start":{"line":38,"column":2},"end":{"line":38,"column":27}},"14":{"start":{"line":39,"column":2},"end":{"line":39,"column":60}},"15":{"start":{"line":42,"column":2},"end":{"line":46,"column":5}},"16":{"start":{"line":22,"column":13},"end":{"line":22,"column":28}}},"fnMap":{"0":{"name":"(anonymous_0)","decl":{"start":{"line":7,"column":31},"end":{"line":7,"column":32}},"loc":{"start":{"line":7,"column":89},"end":{"line":11,"column":1}}},"1":{"name":"(anonymous_1)","decl":{"start":{"line":22,"column":28},"end":{"line":22,"column":null}},"loc":{"start":{"line":27,"column":10},"end":{"line":47,"column":1}}}},"branchMap":{"0":{"loc":{"start":{"line":29,"column":21},"end":{"line":29,"column":66}},"type":"cond-expr","locations":[{"start":{"line":29,"column":46},"end":{"line":29,"column":60}},{"start":{"line":29,"column":63},"end":{"line":29,"column":66}}]},"1":{"loc":{"start":{"line":43,"column":11},"end":{"line":43,"column":69}},"type":"cond-expr","locations":[{"start":{"line":43,"column":32},"end":{"line":43,"column":43}},{"start":{"line":43,"column":46},"end":{"line":43,"column":69}}]},"2":{"loc":{"start":{"line":44,"column":13},"end":{"line":44,"column":77}},"type":"cond-expr","locations":[{"start":{"line":44,"column":54},"end":{"line":44,"column":65}},{"start":{"line":44,"column":68},"end":{"line":44,"column":77}}]}},"s":{"0":2,"1":4,"2":4,"3":4,"4":2,"5":2,"6":12,"7":12,"8":12,"9":12,"10":12,"11":12,"12":12,"13":12,"14":12,"15":12,"16":2},"f":{"0":4,"1":12},"b":{"0":[6,6],"1":[4,8],"2":[1,11]}}
,"C:\\Users\\woosh\\OneDrive\\바탕 화면\\수업자료\\3-1\\소공\\project\\backend\\src\\routes\\game.ts": {"path":"C:\\Users\\woosh\\OneDrive\\바탕 화면\\수업자료\\3-1\\소공\\project\\backend\\src\\routes\\game.ts","statementMap":{"0":{"start":{"line":1,"column":0},"end":{"line":1,"column":33}},"1":{"start":{"line":2,"column":0},"end":{"line":2,"column":58}},"2":{"start":{"line":4,"column":15},"end":{"line":4,"column":23}},"3":{"start":{"line":10,"column":0},"end":{"line":10,"column":32}},"4":{"start":{"line":12,"column":0},"end":{"line":12,"column":22}}},"fnMap":{},"branchMap":{},"s":{"0":1,"1":1,"2":1,"3":1,"4":1},"f":{},"b":{}}
,"C:\\Users\\woosh\\OneDrive\\바탕 화면\\수업자료\\3-1\\소공\\project\\backend\\src\\types\\Card.ts": {"path":"C:\\Users\\woosh\\OneDrive\\바탕 화면\\수업자료\\3-1\\소공\\project\\backend\\src\\types\\Card.ts","statementMap":{"0":{"start":{"line":19,"column":13},"end":{"line":30,"column":2}},"1":{"start":{"line":35,"column":13},"end":{"line":39,"column":2}}},"fnMap":{},"branchMap":{},"s":{"0":4,"1":4},"f":{},"b":{}}
,"C:\\Users\\woosh\\OneDrive\\바탕 화면\\수업자료\\3-1\\소공\\project\\backend\\src\\utils\\generateCards.ts": {"path":"C:\\Users\\woosh\\OneDrive\\바탕 화면\\수업자료\\3-1\\소공\\project\\backend\\src\\utils\\generateCards.ts","statementMap":{"0":{"start":{"line":17,"column":0},"end":{"line":17,"column":16}},"1":{"start":{"line":1,"column":0},"end":{"line":1,"column":36}},"2":{"start":{"line":2,"column":0},"end":{"line":2,"column":81}},"3":{"start":{"line":3,"column":0},"end":{"line":3,"column":36}},"4":{"start":{"line":18,"column":25},"end":{"line":18,"column":54}},"5":{"start":{"line":19,"column":25},"end":{"line":19,"column":57}},"6":{"start":{"line":20,"column":24},"end":{"line":20,"column":26}},"7":{"start":{"line":23,"column":2},"end":{"line":31,"column":5}},"8":{"start":{"line":24,"column":4},"end":{"line":30,"column":5}},"9":{"start":{"line":24,"column":17},"end":{"line":24,"column":18}},"10":{"start":{"line":25,"column":6},"end":{"line":29,"column":9}},"11":{"start":{"line":33,"column":2},"end":{"line":33,"column":24}}},"fnMap":{"0":{"name":"generateCards","decl":{"start":{"line":17,"column":16},"end":{"line":17,"column":29}},"loc":{"start":{"line":17,"column":63},"end":{"line":34,"column":1}}},"1":{"name":"(anonymous_1)","decl":{"start":{"line":23,"column":25},"end":{"line":23,"column":26}},"loc":{"start":{"line":23,"column":39},"end":{"line":31,"column":3}}}},"branchMap":{"0":{"loc":{"start":{"line":17,"column":30},"end":{"line":17,"column":63}},"type":"default-arg","locations":[{"start":{"line":17,"column":55},"end":{"line":17,"column":63}}]}},"s":{"0":3,"1":3,"2":3,"3":3,"4":25,"5":25,"6":25,"7":25,"8":200,"9":200,"10":400,"11":25},"f":{"0":25,"1":200},"b":{"0":[1]}}
,"C:\\Users\\woosh\\OneDrive\\바탕 화면\\수업자료\\3-1\\소공\\project\\backend\\src\\utils\\shuffle.ts": {"path":"C:\\Users\\woosh\\OneDrive\\바탕 화면\\수업자료\\3-1\\소공\\project\\backend\\src\\utils\\shuffle.ts","statementMap":{"0":{"start":{"line":9,"column":0},"end":{"line":9,"column":16}},"1":{"start":{"line":10,"column":14},"end":{"line":10,"column":24}},"2":{"start":{"line":12,"column":2},"end":{"line":18,"column":3}},"3":{"start":{"line":12,"column":15},"end":{"line":12,"column":29}},"4":{"start":{"line":14,"column":14},"end":{"line":14,"column":49}},"5":{"start":{"line":17,"column":4},"end":{"line":17,"column":40}},"6":{"start":{"line":20,"column":2},"end":{"line":20,"column":13}}},"fnMap":{"0":{"name":"shuffle","decl":{"start":{"line":9,"column":16},"end":{"line":9,"column":23}},"loc":{"start":{"line":9,"column":37},"end":{"line":21,"column":1}}}},"branchMap":{},"s":{"0":4,"1":40,"2":40,"3":40,"4":486,"5":486,"6":40},"f":{"0":40},"b":{}}
}
