TN:
SF:src\server.ts
FN:14,(anonymous_1)
FNF:1
FNH:1
FNDA:1,(anonymous_1)
DA:1,1
DA:2,1
DA:3,1
DA:4,1
DA:6,1
DA:7,1
DA:10,1
DA:11,1
DA:14,1
DA:15,1
DA:19,1
DA:22,1
DA:23,1
DA:34,1
LF:14
LH:14
BRF:0
BRH:0
end_of_record
TN:
SF:src\controllers\gameController.ts
FN:12,(anonymous_0)
FNF:1
FNH:1
FNDA:19,(anonymous_0)
DA:2,2
DA:3,2
DA:4,2
DA:12,2
DA:13,19
DA:15,19
DA:17,19
DA:19,19
DA:23,19
DA:26,19
DA:29,19
DA:32,17
DA:33,17
DA:35,17
DA:36,1
DA:39,17
DA:46,2
DA:47,2
LF:18
LH:18
BRDA:19,0,0,0
BRDA:19,0,1,19
BRDA:19,1,0,19
BRDA:19,1,1,19
BRDA:35,2,0,1
BRDA:35,2,1,16
BRF:6
BRH:5
end_of_record
TN:
SF:src\middlewares\errorHandler.ts
FN:7,(anonymous_0)
FN:22,(anonymous_1)
FNF:2
FNH:2
FNDA:4,(anonymous_0)
FNDA:12,(anonymous_1)
DA:7,2
DA:8,4
DA:9,4
DA:10,4
DA:22,2
DA:29,12
DA:32,12
DA:33,12
DA:34,12
DA:35,12
DA:36,12
DA:37,12
DA:38,12
DA:39,12
DA:42,12
LF:15
LH:15
BRDA:29,0,0,6
BRDA:29,0,1,6
BRDA:43,1,0,4
BRDA:43,1,1,8
BRDA:44,2,0,1
BRDA:44,2,1,11
BRF:6
BRH:6
end_of_record
TN:
SF:src\routes\game.ts
FNF:0
FNH:0
DA:1,1
DA:2,1
DA:4,1
DA:10,1
DA:12,1
LF:5
LH:5
BRF:0
BRH:0
end_of_record
TN:
SF:src\types\Card.ts
FNF:0
FNH:0
DA:19,4
DA:35,4
LF:2
LH:2
BRF:0
BRH:0
end_of_record
TN:
SF:src\utils\generateCards.ts
FN:17,generateCards
FN:23,(anonymous_1)
FNF:2
FNH:2
FNDA:25,generateCards
FNDA:200,(anonymous_1)
DA:1,3
DA:2,3
DA:3,3
DA:17,3
DA:18,25
DA:19,25
DA:20,25
DA:23,25
DA:24,200
DA:25,400
DA:33,25
LF:11
LH:11
BRDA:17,0,0,1
BRF:1
BRH:1
end_of_record
TN:
SF:src\utils\shuffle.ts
FN:9,shuffle
FNF:1
FNH:1
FNDA:40,shuffle
DA:9,4
DA:10,40
DA:12,40
DA:14,486
DA:17,486
DA:20,40
LF:6
LH:6
BRF:0
BRH:0
end_of_record
